  Implementation.cc
  el_test.cc
  run_example_main.cc
  test_main.cc
  Generating Code...
run_example_main.obj : error LNK2005: "public: __thiscall Capacitor::Capacitor(class std::basic_string<char,struct std::char_traits<char>,class std::allocator<char> >,double,double,class Connection &,class Connection &)" (??0Capacitor@@QAE@V?$basic_string@DU?$char_traits@D@std@@V?$allocator@D@2@@std@@NNAAVConnection@@1@Z) already defined in Implementation.obj
run_example_main.obj : error LNK2005: "public: __thiscall Component::Component(class std::basic_string<char,struct std::char_traits<char>,class std::allocator<char> >,class Connection &,class Connection &)" (??0Component@@QAE@V?$basic_string@DU?$char_traits@D@std@@V?$allocator@D@2@@std@@AAVConnection@@1@Z) already defined in Implementation.obj
run_example_main.obj : error LNK2005: "public: __thiscall Resistor::Resistor(class std::basic_string<char,struct std::char_traits<char>,class std::allocator<char> >,double,class Connection &,class Connection &)" (??0Resistor@@QAE@V?$basic_string@DU?$char_traits@D@std@@V?$allocator@D@2@@std@@NAAVConnection@@1@Z) already defined in Implementation.obj
run_example_main.obj : error LNK2005: "class std::basic_ostream<char,struct std::char_traits<char> > & __cdecl operator<<(class std::basic_ostream<char,struct std::char_traits<char> > &,class Component &)" (??6@YAAAV?$basic_ostream@DU?$char_traits@D@std@@@std@@AAV01@AAVComponent@@@Z) already defined in Implementation.obj
run_example_main.obj : error LNK2005: "public: virtual double __thiscall Battery::get_current(void)" (?get_current@Battery@@UAENXZ) already defined in Implementation.obj
run_example_main.obj : error LNK2005: "public: virtual double __thiscall Capacitor::get_current(void)" (?get_current@Capacitor@@UAENXZ) already defined in Implementation.obj
run_example_main.obj : error LNK2005: "public: virtual double __thiscall Resistor::get_current(void)" (?get_current@Resistor@@UAENXZ) already defined in Implementation.obj
run_example_main.obj : error LNK2005: "public: class std::basic_string<char,struct std::char_traits<char>,class std::allocator<char> > __thiscall Component::get_name(void)" (?get_name@Component@@QAE?AV?$basic_string@DU?$char_traits@D@std@@V?$allocator@D@2@@std@@XZ) already defined in Implementation.obj
run_example_main.obj : error LNK2005: "public: double __thiscall Component::get_voltage(void)" (?get_voltage@Component@@QAENXZ) already defined in Implementation.obj
run_example_main.obj : error LNK2005: "void __cdecl move_potential(double,class Connection &,class Connection &)" (?move_potential@@YAXNAAVConnection@@0@Z) already defined in Implementation.obj
run_example_main.obj : error LNK2005: "void __cdecl print(class std::vector<class Component *,class std::allocator<class Component *> >)" (?print@@YAXV?$vector@PAVComponent@@V?$allocator@PAVComponent@@@std@@@std@@@Z) already defined in Implementation.obj
run_example_main.obj : error LNK2005: "void __cdecl print_top(class std::vector<class Component *,class std::allocator<class Component *> >)" (?print_top@@YAXV?$vector@PAVComponent@@V?$allocator@PAVComponent@@@std@@@std@@@Z) already defined in Implementation.obj
run_example_main.obj : error LNK2005: "void __cdecl simulate(class std::vector<class Component *,class std::allocator<class Component *> >,int,int,double,double)" (?simulate@@YAXV?$vector@PAVComponent@@V?$allocator@PAVComponent@@@std@@@std@@HHNN@Z) already defined in Implementation.obj
run_example_main.obj : error LNK2005: "public: virtual void __thiscall Battery::simulate(double)" (?simulate@Battery@@UAEXN@Z) already defined in Implementation.obj
run_example_main.obj : error LNK2005: "public: virtual void __thiscall Capacitor::simulate(double)" (?simulate@Capacitor@@UAEXN@Z) already defined in Implementation.obj
run_example_main.obj : error LNK2005: "public: virtual void __thiscall Resistor::simulate(double)" (?simulate@Resistor@@UAEXN@Z) already defined in Implementation.obj
test_main.obj : error LNK2005: _main already defined in run_example_main.obj
D:\gusta\Documents\GitHub\tdiu20\el\El\Debug\El.exe : fatal error LNK1169: one or more multiply defined symbols found
